# JRE version: OpenJDK Runtime Environment Temurin-17.0.3+7 (17.0.3+7) (build 17.0.3+7)
# Java VM: OpenJDK 64-Bit Server VM Temurin-17.0.3+7 (17.0.3+7, mixed mode, tiered, compressed oops, compressed class ptrs, parallel gc, windows-amd64)
GC Precious Log:
 CPUs: 8 total, 8 available
 Memory: 8068M
 Large Page Support: Disabled
 NUMA Support: Disabled
 Compressed Oops: Enabled (32-bit)
 Alignments: Space 512K, Generation 512K, Heap 2M
 Heap Min Capacity: 100M
 Heap Initial Capacity: 100M
 Heap Max Capacity: 1G
 Pre-touch: Disabled
 Parallel Workers: 8
Heap:
 PSYoungGen      total 25088K, used 13373K [0x00000000eab00000, 0x00000000ed000000, 0x0000000100000000)
  eden space 15872K, 26% used [0x00000000eab00000,0x00000000eaf0f700,0x00000000eba80000)
  from space 9216K, 100% used [0x00000000eba80000,0x00000000ec380000,0x00000000ec380000)
  to   space 5632K, 0% used [0x00000000ec380000,0x00000000ec380000,0x00000000ec900000)
 ParOldGen       total 91136K, used 66569K [0x00000000c0000000, 0x00000000c5900000, 0x00000000eab00000)
  object space 91136K, 73% used [0x00000000c0000000,0x00000000c41027f0,0x00000000c5900000)
 Metaspace       used 63294K, committed 64256K, reserved 1114112K
  class space    used 6806K, committed 7232K, reserved 1048576K
GC Heap History (20 events):
Event: 10.953 GC heap before
{Heap before GC invocations=26 (full 2):
 PSYoungGen      total 22016K, used 20800K [0x00000000eab00000, 0x00000000ec200000, 0x0000000100000000)
  eden space 20480K, 100% used [0x00000000eab00000,0x00000000ebf00000,0x00000000ebf00000)
  from space 1536K, 20% used [0x00000000ebf80000,0x00000000ebfd0000,0x00000000ec100000)
  to   space 1024K, 0% used [0x00000000ec100000,0x00000000ec100000,0x00000000ec200000)
 ParOldGen       total 68608K, used 34497K [0x00000000c0000000, 0x00000000c4300000, 0x00000000eab00000)
  object space 68608K, 50% used [0x00000000c0000000,0x00000000c21b0750,0x00000000c4300000)
 Metaspace       used 54555K, committed 55296K, reserved 1105920K
  class space    used 5936K, committed 6272K, reserved 1048576K
}
Event: 10.956 GC heap after
{Heap after GC invocations=26 (full 2):
 PSYoungGen      total 21504K, used 1008K [0x00000000eab00000, 0x00000000ec300000, 0x0000000100000000)
  eden space 20480K, 0% used [0x00000000eab00000,0x00000000eab00000,0x00000000ebf00000)
  from space 1024K, 98% used [0x00000000ec100000,0x00000000ec1fc290,0x00000000ec200000)
  to   space 2048K, 0% used [0x00000000ebf00000,0x00000000ebf00000,0x00000000ec100000)
 ParOldGen       total 68608K, used 35112K [0x00000000c0000000, 0x00000000c4300000, 0x00000000eab00000)
  object space 68608K, 51% used [0x00000000c0000000,0x00000000c224a3c8,0x00000000c4300000)
 Metaspace       used 54555K, committed 55296K, reserved 1105920K
  class space    used 5936K, committed 6272K, reserved 1048576K
}
Event: 11.320 GC heap before
{Heap before GC invocations=27 (full 2):
 PSYoungGen      total 21504K, used 21428K [0x00000000eab00000, 0x00000000ec300000, 0x0000000100000000)
  eden space 20480K, 99% used [0x00000000eab00000,0x00000000ebef1168,0x00000000ebf00000)
  from space 1024K, 98% used [0x00000000ec100000,0x00000000ec1fc290,0x00000000ec200000)
  to   space 2048K, 0% used [0x00000000ebf00000,0x00000000ebf00000,0x00000000ec100000)
 ParOldGen       total 68608K, used 35112K [0x00000000c0000000, 0x00000000c4300000, 0x00000000eab00000)
  object space 68608K, 51% used [0x00000000c0000000,0x00000000c224a3c8,0x00000000c4300000)
 Metaspace       used 55941K, committed 56640K, reserved 1105920K
  class space    used 6042K, committed 6336K, reserved 1048576K
}
Event: 11.321 GC heap after
{Heap after GC invocations=27 (full 2):
 PSYoungGen      total 20992K, used 352K [0x00000000eab00000, 0x00000000ec180000, 0x0000000100000000)
  eden space 20480K, 0% used [0x00000000eab00000,0x00000000eab00000,0x00000000ebf00000)
  from space 512K, 68% used [0x00000000ebf00000,0x00000000ebf58000,0x00000000ebf80000)
  to   space 1024K, 0% used [0x00000000ec080000,0x00000000ec080000,0x00000000ec180000)
 ParOldGen       total 68608K, used 35328K [0x00000000c0000000, 0x00000000c4300000, 0x00000000eab00000)
  object space 68608K, 51% used [0x00000000c0000000,0x00000000c22803c8,0x00000000c4300000)
 Metaspace       used 55941K, committed 56640K, reserved 1105920K
  class space    used 6042K, committed 6336K, reserved 1048576K
}
Event: 11.813 GC heap before
{Heap before GC invocations=28 (full 2):
 PSYoungGen      total 20992K, used 20832K [0x00000000eab00000, 0x00000000ec180000, 0x0000000100000000)
  eden space 20480K, 100% used [0x00000000eab00000,0x00000000ebf00000,0x00000000ebf00000)
  from space 512K, 68% used [0x00000000ebf00000,0x00000000ebf58000,0x00000000ebf80000)
  to   space 1024K, 0% used [0x00000000ec080000,0x00000000ec080000,0x00000000ec180000)
 ParOldGen       total 68608K, used 35328K [0x00000000c0000000, 0x00000000c4300000, 0x00000000eab00000)
  object space 68608K, 51% used [0x00000000c0000000,0x00000000c22803c8,0x00000000c4300000)
 Metaspace       used 56597K, committed 57408K, reserved 1105920K
  class space    used 6106K, committed 6464K, reserved 1048576K
}
Event: 11.815 GC heap after
{Heap after GC invocations=28 (full 2):
 PSYoungGen      total 21504K, used 809K [0x00000000eab00000, 0x00000000ec180000, 0x0000000100000000)
  eden space 20480K, 0% used [0x00000000eab00000,0x00000000eab00000,0x00000000ebf00000)
  from space 1024K, 79% used [0x00000000ec080000,0x00000000ec14a480,0x00000000ec180000)
  to   space 1024K, 0% used [0x00000000ebf80000,0x00000000ebf80000,0x00000000ec080000)
 ParOldGen       total 68608K, used 35488K [0x00000000c0000000, 0x00000000c4300000, 0x00000000eab00000)
  object space 68608K, 51% used [0x00000000c0000000,0x00000000c22a83c8,0x00000000c4300000)
 Metaspace       used 56597K, committed 57408K, reserved 1105920K
  class space    used 6106K, committed 6464K, reserved 1048576K
}
Event: 12.421 GC heap before
{Heap before GC invocations=29 (full 2):
 PSYoungGen      total 21504K, used 17255K [0x00000000eab00000, 0x00000000ec180000, 0x0000000100000000)
  eden space 20480K, 80% used [0x00000000eab00000,0x00000000ebb0f908,0x00000000ebf00000)
  from space 1024K, 79% used [0x00000000ec080000,0x00000000ec14a480,0x00000000ec180000)
  to   space 1024K, 0% used [0x00000000ebf80000,0x00000000ebf80000,0x00000000ec080000)
 ParOldGen       total 68608K, used 35488K [0x00000000c0000000, 0x00000000c4300000, 0x00000000eab00000)
  object space 68608K, 51% used [0x00000000c0000000,0x00000000c22a83c8,0x00000000c4300000)
 Metaspace       used 58947K, committed 59776K, reserved 1105920K
  class space    used 6346K, committed 6720K, reserved 1048576K
}
Event: 12.423 GC heap after
{Heap after GC invocations=29 (full 2):
 PSYoungGen      total 21504K, used 608K [0x00000000eab00000, 0x00000000ec100000, 0x0000000100000000)
  eden space 20480K, 0% used [0x00000000eab00000,0x00000000eab00000,0x00000000ebf00000)
  from space 1024K, 59% used [0x00000000ebf80000,0x00000000ec018228,0x00000000ec080000)
  to   space 512K, 0% used [0x00000000ec080000,0x00000000ec080000,0x00000000ec100000)
 ParOldGen       total 68608K, used 36115K [0x00000000c0000000, 0x00000000c4300000, 0x00000000eab00000)
  object space 68608K, 52% used [0x00000000c0000000,0x00000000c2344c78,0x00000000c4300000)
 Metaspace       used 58947K, committed 59776K, reserved 1105920K
  class space    used 6346K, committed 6720K, reserved 1048576K
}
Event: 12.423 GC heap before
{Heap before GC invocations=30 (full 3):
 PSYoungGen      total 21504K, used 608K [0x00000000eab00000, 0x00000000ec100000, 0x0000000100000000)
  eden space 20480K, 0% used [0x00000000eab00000,0x00000000eab00000,0x00000000ebf00000)
  from space 1024K, 59% used [0x00000000ebf80000,0x00000000ec018228,0x00000000ec080000)
  to   space 512K, 0% used [0x00000000ec080000,0x00000000ec080000,0x00000000ec100000)
 ParOldGen       total 68608K, used 36115K [0x00000000c0000000, 0x00000000c4300000, 0x00000000eab00000)
  object space 68608K, 52% used [0x00000000c0000000,0x00000000c2344c78,0x00000000c4300000)
 Metaspace       used 58947K, committed 59776K, reserved 1105920K
  class space    used 6346K, committed 6720K, reserved 1048576K
}
Event: 12.519 GC heap after
{Heap after GC invocations=30 (full 3):
 PSYoungGen      total 21504K, used 0K [0x00000000eab00000, 0x00000000ec100000, 0x0000000100000000)
  eden space 20480K, 0% used [0x00000000eab00000,0x00000000eab00000,0x00000000ebf00000)
  from space 1024K, 0% used [0x00000000ebf80000,0x00000000ebf80000,0x00000000ec080000)
  to   space 512K, 0% used [0x00000000ec080000,0x00000000ec080000,0x00000000ec100000)
 ParOldGen       total 68608K, used 34173K [0x00000000c0000000, 0x00000000c4300000, 0x00000000eab00000)
  object space 68608K, 49% used [0x00000000c0000000,0x00000000c215f6a8,0x00000000c4300000)
 Metaspace       used 58947K, committed 59776K, reserved 1105920K
  class space    used 6346K, committed 6720K, reserved 1048576K
}
Event: 12.974 GC heap before
{Heap before GC invocations=31 (full 3):
 PSYoungGen      total 21504K, used 20480K [0x00000000eab00000, 0x00000000ec100000, 0x0000000100000000)
  eden space 20480K, 100% used [0x00000000eab00000,0x00000000ebf00000,0x00000000ebf00000)
  from space 1024K, 0% used [0x00000000ebf80000,0x00000000ebf80000,0x00000000ec080000)
  to   space 512K, 0% used [0x00000000ec080000,0x00000000ec080000,0x00000000ec100000)
 ParOldGen       total 68608K, used 34174K [0x00000000c0000000, 0x00000000c4300000, 0x00000000eab00000)
  object space 68608K, 49% used [0x00000000c0000000,0x00000000c215fa30,0x00000000c4300000)
 Metaspace       used 61213K, committed 62144K, reserved 1105920K
  class space    used 6594K, committed 6976K, reserved 1048576K
}
Event: 12.977 GC heap after
{Heap after GC invocations=31 (full 3):
 PSYoungGen      total 19968K, used 512K [0x00000000eab00000, 0x00000000ec400000, 0x0000000100000000)
  eden space 19456K, 0% used [0x00000000eab00000,0x00000000eab00000,0x00000000ebe00000)
  from space 512K, 100% used [0x00000000ec080000,0x00000000ec100000,0x00000000ec100000)
  to   space 2560K, 0% used [0x00000000ebe00000,0x00000000ebe00000,0x00000000ec080000)
 ParOldGen       total 68608K, used 35602K [0x00000000c0000000, 0x00000000c4300000, 0x00000000eab00000)
  object space 68608K, 51% used [0x00000000c0000000,0x00000000c22c48e8,0x00000000c4300000)
 Metaspace       used 61213K, committed 62144K, reserved 1105920K
  class space    used 6594K, committed 6976K, reserved 1048576K
}
Event: 13.483 GC heap before
{Heap before GC invocations=32 (full 3):
 PSYoungGen      total 19968K, used 19968K [0x00000000eab00000, 0x00000000ec400000, 0x0000000100000000)
  eden space 19456K, 100% used [0x00000000eab00000,0x00000000ebe00000,0x00000000ebe00000)
  from space 512K, 100% used [0x00000000ec080000,0x00000000ec100000,0x00000000ec100000)
  to   space 2560K, 0% used [0x00000000ebe00000,0x00000000ebe00000,0x00000000ec080000)
 ParOldGen       total 68608K, used 41349K [0x00000000c0000000, 0x00000000c4300000, 0x00000000eab00000)
  object space 68608K, 60% used [0x00000000c0000000,0x00000000c2861538,0x00000000c4300000)
 Metaspace       used 62568K, committed 63552K, reserved 1105920K
  class space    used 6740K, committed 7168K, reserved 1048576K
}
Event: 13.487 GC heap after
{Heap after GC invocations=32 (full 3):
 PSYoungGen      total 22016K, used 2537K [0x00000000eab00000, 0x00000000ec900000, 0x0000000100000000)
  eden space 19456K, 0% used [0x00000000eab00000,0x00000000eab00000,0x00000000ebe00000)
  from space 2560K, 99% used [0x00000000ebe00000,0x00000000ec07a5d8,0x00000000ec080000)
  to   space 5632K, 0% used [0x00000000ec380000,0x00000000ec380000,0x00000000ec900000)
 ParOldGen       total 68608K, used 43679K [0x00000000c0000000, 0x00000000c4300000, 0x00000000eab00000)
  object space 68608K, 63% used [0x00000000c0000000,0x00000000c2aa7f88,0x00000000c4300000)
 Metaspace       used 62568K, committed 63552K, reserved 1105920K
  class space    used 6740K, committed 7168K, reserved 1048576K
}
Event: 13.666 GC heap before
{Heap before GC invocations=33 (full 3):
 PSYoungGen      total 22016K, used 21993K [0x00000000eab00000, 0x00000000ec900000, 0x0000000100000000)
  eden space 19456K, 100% used [0x00000000eab00000,0x00000000ebe00000,0x00000000ebe00000)
  from space 2560K, 99% used [0x00000000ebe00000,0x00000000ec07a5d8,0x00000000ec080000)
  to   space 5632K, 0% used [0x00000000ec380000,0x00000000ec380000,0x00000000ec900000)
 ParOldGen       total 91136K, used 81018K [0x00000000c0000000, 0x00000000c5900000, 0x00000000eab00000)
  object space 91136K, 88% used [0x00000000c0000000,0x00000000c4f1ead8,0x00000000c5900000)
 Metaspace       used 62859K, committed 63808K, reserved 1105920K
  class space    used 6766K, committed 7168K, reserved 1048576K
}
Event: 13.671 GC heap after
{Heap after GC invocations=33 (full 3):
 PSYoungGen      total 21504K, used 5632K [0x00000000eab00000, 0x00000000ed000000, 0x0000000100000000)
  eden space 15872K, 0% used [0x00000000eab00000,0x00000000eab00000,0x00000000eba80000)
  from space 5632K, 100% used [0x00000000ec380000,0x00000000ec900000,0x00000000ec900000)
  to   space 9216K, 0% used [0x00000000eba80000,0x00000000eba80000,0x00000000ec380000)
 ParOldGen       total 91136K, used 83801K [0x00000000c0000000, 0x00000000c5900000, 0x00000000eab00000)
  object space 91136K, 91% used [0x00000000c0000000,0x00000000c51d65b8,0x00000000c5900000)
 Metaspace       used 62859K, committed 63808K, reserved 1105920K
  class space    used 6766K, committed 7168K, reserved 1048576K
}
Event: 13.732 GC heap before
{Heap before GC invocations=34 (full 3):
 PSYoungGen      total 21504K, used 21504K [0x00000000eab00000, 0x00000000ed000000, 0x0000000100000000)
  eden space 15872K, 100% used [0x00000000eab00000,0x00000000eba80000,0x00000000eba80000)
  from space 5632K, 100% used [0x00000000ec380000,0x00000000ec900000,0x00000000ec900000)
  to   space 9216K, 0% used [0x00000000eba80000,0x00000000eba80000,0x00000000ec380000)
 ParOldGen       total 91136K, used 83801K [0x00000000c0000000, 0x00000000c5900000, 0x00000000eab00000)
  object space 91136K, 91% used [0x00000000c0000000,0x00000000c51d65b8,0x00000000c5900000)
 Metaspace       used 62986K, committed 63936K, reserved 1105920K
  class space    used 6771K, committed 7168K, reserved 1048576K
}
Event: 13.742 GC heap after
{Heap after GC invocations=34 (full 3):
 PSYoungGen      total 25088K, used 9216K [0x00000000eab00000, 0x00000000ed000000, 0x0000000100000000)
  eden space 15872K, 0% used [0x00000000eab00000,0x00000000eab00000,0x00000000eba80000)
  from space 9216K, 100% used [0x00000000eba80000,0x00000000ec380000,0x00000000ec380000)
  to   space 5632K, 0% used [0x00000000ec380000,0x00000000ec380000,0x00000000ec900000)
 ParOldGen       total 91136K, used 90953K [0x00000000c0000000, 0x00000000c5900000, 0x00000000eab00000)
  object space 91136K, 99% used [0x00000000c0000000,0x00000000c58d25d8,0x00000000c5900000)
 Metaspace       used 62986K, committed 63936K, reserved 1105920K
  class space    used 6771K, committed 7168K, reserved 1048576K
}
Event: 13.743 GC heap before
{Heap before GC invocations=35 (full 4):
 PSYoungGen      total 25088K, used 9216K [0x00000000eab00000, 0x00000000ed000000, 0x0000000100000000)
  eden space 15872K, 0% used [0x00000000eab00000,0x00000000eab00000,0x00000000eba80000)
  from space 9216K, 100% used [0x00000000eba80000,0x00000000ec380000,0x00000000ec380000)
  to   space 5632K, 0% used [0x00000000ec380000,0x00000000ec380000,0x00000000ec900000)
 ParOldGen       total 91136K, used 90953K [0x00000000c0000000, 0x00000000c5900000, 0x00000000eab00000)
  object space 91136K, 99% used [0x00000000c0000000,0x00000000c58d25d8,0x00000000c5900000)
 Metaspace       used 62986K, committed 63936K, reserved 1105920K
  class space    used 6771K, committed 7168K, reserved 1048576K
}
Event: 13.810 GC heap after
{Heap after GC invocations=35 (full 4):
 PSYoungGen      total 21504K, used 0K [0x00000000eab00000, 0x00000000ed000000, 0x0000000100000000)
  eden space 15872K, 0% used [0x00000000eab00000,0x00000000eab00000,0x00000000eba80000)
  from space 5632K, 0% used [0x00000000ec380000,0x00000000ec380000,0x00000000ec900000)
  to   space 9216K, 0% used [0x00000000eba80000,0x00000000eba80000,0x00000000ec380000)
 ParOldGen       total 91136K, used 65881K [0x00000000c0000000, 0x00000000c5900000, 0x00000000eab00000)
  object space 91136K, 72% used [0x00000000c0000000,0x00000000c40567f0,0x00000000c5900000)
 Metaspace       used 62986K, committed 63936K, reserved 1105920K
  class space    used 6771K, committed 7168K, reserved 1048576K
}

